<?xml version="1.0" encoding="UTF-8"?>
<testsuite name="MyLinkedListTest" tests="4" skipped="0" failures="0" errors="0" timestamp="2021-04-13T14:32:54" hostname="LAPTOP-TLTN6P2Q" time="0.034">
  <properties/>
  <testcase name="given3Numbers_whenAppendedToLinkedList_ShouldAddAtLast()" classname="MyLinkedListTest" time="0.024"/>
  <testcase name="given3Numbers_WhenAddedToLinkedList_ShouldBeAddedToBetween()" classname="MyLinkedListTest" time="0.001"/>
  <testcase name="given3Numbers_whenAddedToLinkedList_ShouldAppearOnTop()" classname="MyLinkedListTest" time="0.004"/>
  <testcase name="given3Numbers_WhenDeletedFirstElement_ShouldPassLinkedListResult()" classname="MyLinkedListTest" time="0.002"/>
  <system-out><![CDATA[56->30->70
56->30->70
56->30->70
30->70
]]></system-out>
  <system-err><![CDATA[]]></system-err>
</testsuite>
