<?xml version="1.0" encoding="UTF-8"?>
<testsuite name="MyNodeTest" tests="1" skipped="0" failures="0" errors="0" timestamp="2021-04-13T12:49:55" hostname="LAPTOP-TLTN6P2Q" time="0.001">
  <properties/>
  <testcase name="given3Numbers_whenAdddedToLinkedList_ShouldAppearOnTop()" classname="MyNodeTest" time="0.001"/>
  <system-out><![CDATA[]]></system-out>
  <system-err><![CDATA[]]></system-err>
</testsuite>
