<?xml version="1.0" encoding="UTF-8"?>
<testsuite name="MyLinkedListTest" tests="6" skipped="0" failures="0" errors="0" timestamp="2021-04-22T15:44:46" hostname="LAPTOP-TLTN6P2Q" time="0.041">
  <properties/>
  <testcase name="given3Numbers_whenAppendedToLinkedList_ShouldAddAtLast()" classname="MyLinkedListTest" time="0.026"/>
  <testcase name="given3Numbers_whenSearchingForAnElement_ShouldReturnTrue()" classname="MyLinkedListTest" time="0.001"/>
  <testcase name="given3Numbers_WhenAddedToLinkedList_ShouldBeAddedToBetween()" classname="MyLinkedListTest" time="0.004"/>
  <testcase name="given3Numbers_whenAddedToLinkedList_ShouldAppearOnTop()" classname="MyLinkedListTest" time="0.003"/>
  <testcase name="given3Numbers_WhenDeletedFirstElement_ShouldPassLinkedListResult()" classname="MyLinkedListTest" time="0.002"/>
  <testcase name="given3Numbers_whenDeleteLastElement_ShouldPassLinkedListResult()" classname="MyLinkedListTest" time="0.001"/>
  <system-out><![CDATA[56->30->70
56->30->70
56->30->70
56->30->70
30->70
56->30
]]></system-out>
  <system-err><![CDATA[]]></system-err>
</testsuite>
